Analysis & Synthesis report for cpt_sys
Fri Nov 27 07:01:06 2020
Quartus Prime Version 17.1.0 Build 590 10/25/2017 SJ Lite Edition


---------------------
; Table of Contents ;
---------------------
  1. Legal Notice
  2. Analysis & Synthesis Summary
  3. Analysis & Synthesis Settings
  4. Parallel Compilation
  5. Analysis & Synthesis Source Files Read
  6. Analysis & Synthesis Resource Usage Summary
  7. Analysis & Synthesis Resource Utilization by Entity
  8. Analysis & Synthesis RAM Summary
  9. Registers Removed During Synthesis
 10. General Register Statistics
 11. Registers Packed Into Inferred Megafunctions
 12. Multiplexer Restructuring Statistics (Restructuring Performed)
 13. Source assignments for cpu:cpu_v1|ID:IDmd|reg_mem:regrd_wr|altsyncram:reg_memory_rtl_0|altsyncram_u2n1:auto_generated
 14. Source assignments for cpu:cpu_v1|ID:IDmd|reg_mem:regrd_wr|altsyncram:reg_memory_rtl_1|altsyncram_u2n1:auto_generated
 15. Source assignments for cpu:cpu_v1|IF:IFmd|instr_mem:read_instr|altsyncram:instr_memory_rtl_0|altsyncram_mgd1:auto_generated
 16. Parameter Settings for Inferred Entity Instance: cpu:cpu_v1|ID:IDmd|reg_mem:regrd_wr|altsyncram:reg_memory_rtl_0
 17. Parameter Settings for Inferred Entity Instance: cpu:cpu_v1|ID:IDmd|reg_mem:regrd_wr|altsyncram:reg_memory_rtl_1
 18. Parameter Settings for Inferred Entity Instance: cpu:cpu_v1|IF:IFmd|instr_mem:read_instr|altsyncram:instr_memory_rtl_0
 19. altsyncram Parameter Settings by Entity Instance
 20. Port Connectivity Checks: "cpu:cpu_v1"
 21. Post-Synthesis Netlist Statistics for Top Partition
 22. Elapsed Time Per Partition
 23. Analysis & Synthesis Messages
 24. Analysis & Synthesis Suppressed Messages



----------------
; Legal Notice ;
----------------
Copyright (C) 2017  Intel Corporation. All rights reserved.
Your use of Intel Corporation's design tools, logic functions 
and other software and tools, and its AMPP partner logic 
functions, and any output files from any of the foregoing 
(including device programming or simulation files), and any 
associated documentation or information are expressly subject 
to the terms and conditions of the Intel Program License 
Subscription Agreement, the Intel Quartus Prime License Agreement,
the Intel FPGA IP License Agreement, or other applicable license
agreement, including, without limitation, that your use is for
the sole purpose of programming logic devices manufactured by
Intel and sold by Intel or its authorized distributors.  Please
refer to the applicable agreement for further details.



+-------------------------------------------------------------------------------+
; Analysis & Synthesis Summary                                                  ;
+---------------------------------+---------------------------------------------+
; Analysis & Synthesis Status     ; Successful - Fri Nov 27 07:01:06 2020       ;
; Quartus Prime Version           ; 17.1.0 Build 590 10/25/2017 SJ Lite Edition ;
; Revision Name                   ; cpt_sys                                     ;
; Top-level Entity Name           ; cpt_sys                                     ;
; Family                          ; Cyclone V                                   ;
; Logic utilization (in ALMs)     ; N/A                                         ;
; Total registers                 ; 867                                         ;
; Total pins                      ; 103                                         ;
; Total virtual pins              ; 0                                           ;
; Total block memory bits         ; 34,816                                      ;
; Total DSP Blocks                ; 0                                           ;
; Total HSSI RX PCSs              ; 0                                           ;
; Total HSSI PMA RX Deserializers ; 0                                           ;
; Total HSSI TX PCSs              ; 0                                           ;
; Total HSSI PMA TX Serializers   ; 0                                           ;
; Total PLLs                      ; 0                                           ;
; Total DLLs                      ; 0                                           ;
+---------------------------------+---------------------------------------------+


+---------------------------------------------------------------------------------------------------------------------------+
; Analysis & Synthesis Settings                                                                                             ;
+---------------------------------------------------------------------------------+--------------------+--------------------+
; Option                                                                          ; Setting            ; Default Value      ;
+---------------------------------------------------------------------------------+--------------------+--------------------+
; Device                                                                          ; 5CSXFC6D6F31C6     ;                    ;
; Top-level entity name                                                           ; cpt_sys            ; cpt_sys            ;
; Family name                                                                     ; Cyclone V          ; Cyclone V          ;
; Use smart compilation                                                           ; Off                ; Off                ;
; Enable parallel Assembler and TimeQuest Timing Analyzer during compilation      ; On                 ; On                 ;
; Enable compact report table                                                     ; Off                ; Off                ;
; Restructure Multiplexers                                                        ; Auto               ; Auto               ;
; MLAB Add Timing Constraints For Mixed-Port Feed-Through Mode Setting Don't Care ; Off                ; Off                ;
; Create Debugging Nodes for IP Cores                                             ; Off                ; Off                ;
; Preserve fewer node names                                                       ; On                 ; On                 ;
; Intel FPGA IP Evaluation Mode                                                   ; Enable             ; Enable             ;
; Verilog Version                                                                 ; Verilog_2001       ; Verilog_2001       ;
; VHDL Version                                                                    ; VHDL_1993          ; VHDL_1993          ;
; State Machine Processing                                                        ; Auto               ; Auto               ;
; Safe State Machine                                                              ; Off                ; Off                ;
; Extract Verilog State Machines                                                  ; On                 ; On                 ;
; Extract VHDL State Machines                                                     ; On                 ; On                 ;
; Ignore Verilog initial constructs                                               ; Off                ; Off                ;
; Iteration limit for constant Verilog loops                                      ; 5000               ; 5000               ;
; Iteration limit for non-constant Verilog loops                                  ; 250                ; 250                ;
; Add Pass-Through Logic to Inferred RAMs                                         ; On                 ; On                 ;
; Infer RAMs from Raw Logic                                                       ; On                 ; On                 ;
; Parallel Synthesis                                                              ; On                 ; On                 ;
; DSP Block Balancing                                                             ; Auto               ; Auto               ;
; NOT Gate Push-Back                                                              ; On                 ; On                 ;
; Power-Up Don't Care                                                             ; On                 ; On                 ;
; Remove Redundant Logic Cells                                                    ; Off                ; Off                ;
; Remove Duplicate Registers                                                      ; On                 ; On                 ;
; Ignore CARRY Buffers                                                            ; Off                ; Off                ;
; Ignore CASCADE Buffers                                                          ; Off                ; Off                ;
; Ignore GLOBAL Buffers                                                           ; Off                ; Off                ;
; Ignore ROW GLOBAL Buffers                                                       ; Off                ; Off                ;
; Ignore LCELL Buffers                                                            ; Off                ; Off                ;
; Ignore SOFT Buffers                                                             ; On                 ; On                 ;
; Limit AHDL Integers to 32 Bits                                                  ; Off                ; Off                ;
; Optimization Technique                                                          ; Balanced           ; Balanced           ;
; Carry Chain Length                                                              ; 70                 ; 70                 ;
; Auto Carry Chains                                                               ; On                 ; On                 ;
; Auto Open-Drain Pins                                                            ; On                 ; On                 ;
; Perform WYSIWYG Primitive Resynthesis                                           ; Off                ; Off                ;
; Auto ROM Replacement                                                            ; On                 ; On                 ;
; Auto RAM Replacement                                                            ; On                 ; On                 ;
; Auto DSP Block Replacement                                                      ; On                 ; On                 ;
; Auto Shift Register Replacement                                                 ; Auto               ; Auto               ;
; Allow Shift Register Merging across Hierarchies                                 ; Auto               ; Auto               ;
; Auto Clock Enable Replacement                                                   ; On                 ; On                 ;
; Strict RAM Replacement                                                          ; Off                ; Off                ;
; Allow Synchronous Control Signals                                               ; On                 ; On                 ;
; Force Use of Synchronous Clear Signals                                          ; Off                ; Off                ;
; Auto Resource Sharing                                                           ; Off                ; Off                ;
; Allow Any RAM Size For Recognition                                              ; Off                ; Off                ;
; Allow Any ROM Size For Recognition                                              ; Off                ; Off                ;
; Allow Any Shift Register Size For Recognition                                   ; Off                ; Off                ;
; Use LogicLock Constraints during Resource Balancing                             ; On                 ; On                 ;
; Ignore translate_off and synthesis_off directives                               ; Off                ; Off                ;
; Timing-Driven Synthesis                                                         ; On                 ; On                 ;
; Report Parameter Settings                                                       ; On                 ; On                 ;
; Report Source Assignments                                                       ; On                 ; On                 ;
; Report Connectivity Checks                                                      ; On                 ; On                 ;
; Ignore Maximum Fan-Out Assignments                                              ; Off                ; Off                ;
; Synchronization Register Chain Length                                           ; 3                  ; 3                  ;
; Power Optimization During Synthesis                                             ; Normal compilation ; Normal compilation ;
; HDL message level                                                               ; Level2             ; Level2             ;
; Suppress Register Optimization Related Messages                                 ; Off                ; Off                ;
; Number of Removed Registers Reported in Synthesis Report                        ; 5000               ; 5000               ;
; Number of Swept Nodes Reported in Synthesis Report                              ; 5000               ; 5000               ;
; Number of Inverted Registers Reported in Synthesis Report                       ; 100                ; 100                ;
; Clock MUX Protection                                                            ; On                 ; On                 ;
; Auto Gated Clock Conversion                                                     ; Off                ; Off                ;
; Block Design Naming                                                             ; Auto               ; Auto               ;
; SDC constraint protection                                                       ; Off                ; Off                ;
; Synthesis Effort                                                                ; Auto               ; Auto               ;
; Shift Register Replacement - Allow Asynchronous Clear Signal                    ; On                 ; On                 ;
; Pre-Mapping Resynthesis Optimization                                            ; Off                ; Off                ;
; Analysis & Synthesis Message Level                                              ; Medium             ; Medium             ;
; Disable Register Merging Across Hierarchies                                     ; Auto               ; Auto               ;
; Resource Aware Inference For Block RAM                                          ; On                 ; On                 ;
; Automatic Parallel Synthesis                                                    ; On                 ; On                 ;
; Partial Reconfiguration Bitstream ID                                            ; Off                ; Off                ;
+---------------------------------------------------------------------------------+--------------------+--------------------+


+------------------------------------------+
; Parallel Compilation                     ;
+----------------------------+-------------+
; Processors                 ; Number      ;
+----------------------------+-------------+
; Number detected on machine ; 16          ;
; Maximum allowed            ; 8           ;
;                            ;             ;
; Average used               ; 1.00        ;
; Maximum used               ; 8           ;
;                            ;             ;
; Usage by Processor         ; % Time Used ;
;     Processor 1            ; 100.0%      ;
;     Processor 2            ;   0.0%      ;
;     Processor 3            ;   0.0%      ;
;     Processor 4            ;   0.0%      ;
;     Processor 5            ;   0.0%      ;
;     Processor 6            ;   0.0%      ;
;     Processor 7            ;   0.0%      ;
;     Processor 8            ;   0.0%      ;
+----------------------------+-------------+


+---------------------------------------------------------------------------------------------------------------------------------------------------------------------------------------------------------------+
; Analysis & Synthesis Source Files Read                                                                                                                                                                        ;
+--------------------------------------------+-----------------+-------------------------------------------------------+------------------------------------------------------------------------------+---------+
; File Name with User-Entered Path           ; Used in Netlist ; File Type                                             ; File Name with Absolute Path                                                 ; Library ;
+--------------------------------------------+-----------------+-------------------------------------------------------+------------------------------------------------------------------------------+---------+
; cpu.v                                      ; yes             ; User Verilog HDL File                                 ; C:/Users/yxw/Desktop/cpu_v3/cpu.v                                            ;         ;
; alu.v                                      ; yes             ; User Verilog HDL File                                 ; C:/Users/yxw/Desktop/cpu_v3/alu.v                                            ;         ;
; cpt_sys.v                                  ; yes             ; User Verilog HDL File                                 ; C:/Users/yxw/Desktop/cpu_v3/cpt_sys.v                                        ;         ;
; Ex.v                                       ; yes             ; User Verilog HDL File                                 ; C:/Users/yxw/Desktop/cpu_v3/Ex.v                                             ;         ;
; ext_sign.v                                 ; yes             ; User Verilog HDL File                                 ; C:/Users/yxw/Desktop/cpu_v3/ext_sign.v                                       ;         ;
; ID.v                                       ; yes             ; User Verilog HDL File                                 ; C:/Users/yxw/Desktop/cpu_v3/ID.v                                             ;         ;
; instr_mem.v                                ; yes             ; User Verilog HDL File                                 ; C:/Users/yxw/Desktop/cpu_v3/instr_mem.v                                      ;         ;
; Mem.v                                      ; yes             ; User Verilog HDL File                                 ; C:/Users/yxw/Desktop/cpu_v3/Mem.v                                            ;         ;
; reg_mem.v                                  ; yes             ; User Verilog HDL File                                 ; C:/Users/yxw/Desktop/cpu_v3/reg_mem.v                                        ;         ;
; Wr.v                                       ; yes             ; User Verilog HDL File                                 ; C:/Users/yxw/Desktop/cpu_v3/Wr.v                                             ;         ;
; system.mips                                ; yes             ; Auto-Found Unspecified File                           ; C:/Users/yxw/Desktop/cpu_v3/system.mips                                      ;         ;
; if.v                                       ; yes             ; Auto-Found Verilog HDL File                           ; C:/Users/yxw/Desktop/cpu_v3/if.v                                             ;         ;
; hex.v                                      ; yes             ; Auto-Found Verilog HDL File                           ; C:/Users/yxw/Desktop/cpu_v3/hex.v                                            ;         ;
; altsyncram.tdf                             ; yes             ; Megafunction                                          ; c:/intelfpga_lite/17.1/quartus/libraries/megafunctions/altsyncram.tdf        ;         ;
; stratix_ram_block.inc                      ; yes             ; Megafunction                                          ; c:/intelfpga_lite/17.1/quartus/libraries/megafunctions/stratix_ram_block.inc ;         ;
; lpm_mux.inc                                ; yes             ; Megafunction                                          ; c:/intelfpga_lite/17.1/quartus/libraries/megafunctions/lpm_mux.inc           ;         ;
; lpm_decode.inc                             ; yes             ; Megafunction                                          ; c:/intelfpga_lite/17.1/quartus/libraries/megafunctions/lpm_decode.inc        ;         ;
; aglobal171.inc                             ; yes             ; Megafunction                                          ; c:/intelfpga_lite/17.1/quartus/libraries/megafunctions/aglobal171.inc        ;         ;
; a_rdenreg.inc                              ; yes             ; Megafunction                                          ; c:/intelfpga_lite/17.1/quartus/libraries/megafunctions/a_rdenreg.inc         ;         ;
; altrom.inc                                 ; yes             ; Megafunction                                          ; c:/intelfpga_lite/17.1/quartus/libraries/megafunctions/altrom.inc            ;         ;
; altram.inc                                 ; yes             ; Megafunction                                          ; c:/intelfpga_lite/17.1/quartus/libraries/megafunctions/altram.inc            ;         ;
; altdpram.inc                               ; yes             ; Megafunction                                          ; c:/intelfpga_lite/17.1/quartus/libraries/megafunctions/altdpram.inc          ;         ;
; db/altsyncram_u2n1.tdf                     ; yes             ; Auto-Generated Megafunction                           ; C:/Users/yxw/Desktop/cpu_v3/db/altsyncram_u2n1.tdf                           ;         ;
; db/altsyncram_mgd1.tdf                     ; yes             ; Auto-Generated Megafunction                           ; C:/Users/yxw/Desktop/cpu_v3/db/altsyncram_mgd1.tdf                           ;         ;
; db/cpt_sys.ram0_instr_mem_8ff0214b.hdl.mif ; yes             ; Auto-Generated Auto-Found Memory Initialization File  ; C:/Users/yxw/Desktop/cpu_v3/db/cpt_sys.ram0_instr_mem_8ff0214b.hdl.mif       ;         ;
+--------------------------------------------+-----------------+-------------------------------------------------------+------------------------------------------------------------------------------+---------+


+------------------------------------------------------------+
; Analysis & Synthesis Resource Usage Summary                ;
+---------------------------------------------+--------------+
; Resource                                    ; Usage        ;
+---------------------------------------------+--------------+
; Estimate of Logic utilization (ALMs needed) ; 874          ;
;                                             ;              ;
; Combinational ALUT usage for logic          ; 998          ;
;     -- 7 input functions                    ; 26           ;
;     -- 6 input functions                    ; 529          ;
;     -- 5 input functions                    ; 114          ;
;     -- 4 input functions                    ; 147          ;
;     -- <=3 input functions                  ; 182          ;
;                                             ;              ;
; Dedicated logic registers                   ; 867          ;
;                                             ;              ;
; I/O pins                                    ; 103          ;
; Total MLAB memory bits                      ; 0            ;
; Total block memory bits                     ; 34816        ;
;                                             ;              ;
; Total DSP Blocks                            ; 0            ;
;                                             ;              ;
; Maximum fan-out node                        ; KEY[0]~input ;
; Maximum fan-out                             ; 963          ;
; Total fan-out                               ; 8863         ;
; Average fan-out                             ; 4.08         ;
+---------------------------------------------+--------------+


+-----------------------------------------------------------------------------------------------------------------------------------------------------------------------------------------------------------------------------------------------------------------------------------------------------------+
; Analysis & Synthesis Resource Utilization by Entity                                                                                                                                                                                                                                                       ;
+-------------------------------------------------+---------------------+---------------------------+-------------------+------------+------+--------------+---------------------------------------------------------------------------------------------------------------+-----------------+--------------+
; Compilation Hierarchy Node                      ; Combinational ALUTs ; Dedicated Logic Registers ; Block Memory Bits ; DSP Blocks ; Pins ; Virtual Pins ; Full Hierarchy Name                                                                                           ; Entity Name     ; Library Name ;
+-------------------------------------------------+---------------------+---------------------------+-------------------+------------+------+--------------+---------------------------------------------------------------------------------------------------------------+-----------------+--------------+
; |cpt_sys                                        ; 998 (0)             ; 867 (0)                   ; 34816             ; 0          ; 103  ; 0            ; |cpt_sys                                                                                                      ; cpt_sys         ; work         ;
;    |cpu:cpu_v1|                                 ; 970 (0)             ; 867 (0)                   ; 34816             ; 0          ; 0    ; 0            ; |cpt_sys|cpu:cpu_v1                                                                                           ; cpu             ; work         ;
;       |Ex:Exmd|                                 ; 665 (198)           ; 109 (109)                 ; 0                 ; 0          ; 0    ; 0            ; |cpt_sys|cpu:cpu_v1|Ex:Exmd                                                                                   ; Ex              ; work         ;
;          |alu:alu_cal|                          ; 466 (466)           ; 0 (0)                     ; 0                 ; 0          ; 0    ; 0            ; |cpt_sys|cpu:cpu_v1|Ex:Exmd|alu:alu_cal                                                                       ; alu             ; work         ;
;          |ext_sign:ext|                         ; 1 (1)               ; 0 (0)                     ; 0                 ; 0          ; 0    ; 0            ; |cpt_sys|cpu:cpu_v1|Ex:Exmd|ext_sign:ext                                                                      ; ext_sign        ; work         ;
;       |ID:IDmd|                                 ; 240 (32)            ; 622 (110)                 ; 2048              ; 0          ; 0    ; 0            ; |cpt_sys|cpu:cpu_v1|ID:IDmd                                                                                   ; ID              ; work         ;
;          |reg_mem:regrd_wr|                     ; 208 (208)           ; 512 (512)                 ; 2048              ; 0          ; 0    ; 0            ; |cpt_sys|cpu:cpu_v1|ID:IDmd|reg_mem:regrd_wr                                                                  ; reg_mem         ; work         ;
;             |altsyncram:reg_memory_rtl_0|       ; 0 (0)               ; 0 (0)                     ; 1024              ; 0          ; 0    ; 0            ; |cpt_sys|cpu:cpu_v1|ID:IDmd|reg_mem:regrd_wr|altsyncram:reg_memory_rtl_0                                      ; altsyncram      ; work         ;
;                |altsyncram_u2n1:auto_generated| ; 0 (0)               ; 0 (0)                     ; 1024              ; 0          ; 0    ; 0            ; |cpt_sys|cpu:cpu_v1|ID:IDmd|reg_mem:regrd_wr|altsyncram:reg_memory_rtl_0|altsyncram_u2n1:auto_generated       ; altsyncram_u2n1 ; work         ;
;             |altsyncram:reg_memory_rtl_1|       ; 0 (0)               ; 0 (0)                     ; 1024              ; 0          ; 0    ; 0            ; |cpt_sys|cpu:cpu_v1|ID:IDmd|reg_mem:regrd_wr|altsyncram:reg_memory_rtl_1                                      ; altsyncram      ; work         ;
;                |altsyncram_u2n1:auto_generated| ; 0 (0)               ; 0 (0)                     ; 1024              ; 0          ; 0    ; 0            ; |cpt_sys|cpu:cpu_v1|ID:IDmd|reg_mem:regrd_wr|altsyncram:reg_memory_rtl_1|altsyncram_u2n1:auto_generated       ; altsyncram_u2n1 ; work         ;
;       |IF:IFmd|                                 ; 30 (30)             ; 64 (64)                   ; 32768             ; 0          ; 0    ; 0            ; |cpt_sys|cpu:cpu_v1|IF:IFmd                                                                                   ; IF              ; work         ;
;          |instr_mem:read_instr|                 ; 0 (0)               ; 0 (0)                     ; 32768             ; 0          ; 0    ; 0            ; |cpt_sys|cpu:cpu_v1|IF:IFmd|instr_mem:read_instr                                                              ; instr_mem       ; work         ;
;             |altsyncram:instr_memory_rtl_0|     ; 0 (0)               ; 0 (0)                     ; 32768             ; 0          ; 0    ; 0            ; |cpt_sys|cpu:cpu_v1|IF:IFmd|instr_mem:read_instr|altsyncram:instr_memory_rtl_0                                ; altsyncram      ; work         ;
;                |altsyncram_mgd1:auto_generated| ; 0 (0)               ; 0 (0)                     ; 32768             ; 0          ; 0    ; 0            ; |cpt_sys|cpu:cpu_v1|IF:IFmd|instr_mem:read_instr|altsyncram:instr_memory_rtl_0|altsyncram_mgd1:auto_generated ; altsyncram_mgd1 ; work         ;
;       |Mem:Memmd|                               ; 3 (3)               ; 72 (72)                   ; 0                 ; 0          ; 0    ; 0            ; |cpt_sys|cpu:cpu_v1|Mem:Memmd                                                                                 ; Mem             ; work         ;
;       |Wr:Wrmd|                                 ; 32 (32)             ; 0 (0)                     ; 0                 ; 0          ; 0    ; 0            ; |cpt_sys|cpu:cpu_v1|Wr:Wrmd                                                                                   ; Wr              ; work         ;
;    |hex:hex1|                                   ; 7 (7)               ; 0 (0)                     ; 0                 ; 0          ; 0    ; 0            ; |cpt_sys|hex:hex1                                                                                             ; hex             ; work         ;
;    |hex:hex2|                                   ; 7 (7)               ; 0 (0)                     ; 0                 ; 0          ; 0    ; 0            ; |cpt_sys|hex:hex2                                                                                             ; hex             ; work         ;
;    |hex:hex3|                                   ; 7 (7)               ; 0 (0)                     ; 0                 ; 0          ; 0    ; 0            ; |cpt_sys|hex:hex3                                                                                             ; hex             ; work         ;
;    |hex:hex4|                                   ; 7 (7)               ; 0 (0)                     ; 0                 ; 0          ; 0    ; 0            ; |cpt_sys|hex:hex4                                                                                             ; hex             ; work         ;
+-------------------------------------------------+---------------------+---------------------------+-------------------+------------+------+--------------+---------------------------------------------------------------------------------------------------------------+-----------------+--------------+
Note: For table entries with two numbers listed, the numbers in parentheses indicate the number of resources of the given type used by the specific entity alone. The numbers listed outside of parentheses indicate the total resources of the given type used by the specific entity and all of its sub-entities in the hierarchy.


+------------------------------------------------------------------------------------------------------------------------------------------------------------------------------------------------------------------------------------------------------------+
; Analysis & Synthesis RAM Summary                                                                                                                                                                                                                           ;
+-----------------------------------------------------------------------------------------------------------------+------+------------------+--------------+--------------+--------------+--------------+-------+--------------------------------------------+
; Name                                                                                                            ; Type ; Mode             ; Port A Depth ; Port A Width ; Port B Depth ; Port B Width ; Size  ; MIF                                        ;
+-----------------------------------------------------------------------------------------------------------------+------+------------------+--------------+--------------+--------------+--------------+-------+--------------------------------------------+
; cpu:cpu_v1|ID:IDmd|reg_mem:regrd_wr|altsyncram:reg_memory_rtl_0|altsyncram_u2n1:auto_generated|ALTSYNCRAM       ; AUTO ; Simple Dual Port ; 32           ; 32           ; 32           ; 32           ; 1024  ; None                                       ;
; cpu:cpu_v1|ID:IDmd|reg_mem:regrd_wr|altsyncram:reg_memory_rtl_1|altsyncram_u2n1:auto_generated|ALTSYNCRAM       ; AUTO ; Simple Dual Port ; 32           ; 32           ; 32           ; 32           ; 1024  ; None                                       ;
; cpu:cpu_v1|IF:IFmd|instr_mem:read_instr|altsyncram:instr_memory_rtl_0|altsyncram_mgd1:auto_generated|ALTSYNCRAM ; AUTO ; ROM              ; 1024         ; 32           ; --           ; --           ; 32768 ; db/cpt_sys.ram0_instr_mem_8ff0214b.hdl.mif ;
+-----------------------------------------------------------------------------------------------------------------+------+------------------+--------------+--------------+--------------+--------------+-------+--------------------------------------------+


+--------------------------------------------------------------------------------+
; Registers Removed During Synthesis                                             ;
+---------------------------------------+----------------------------------------+
; Register name                         ; Reason for Removal                     ;
+---------------------------------------+----------------------------------------+
; cpu:cpu_v1|ID:IDmd|rd[0]              ; Merged with cpu:cpu_v1|ID:IDmd|imm[11] ;
; cpu:cpu_v1|ID:IDmd|rd[1]              ; Merged with cpu:cpu_v1|ID:IDmd|imm[12] ;
; cpu:cpu_v1|ID:IDmd|rd[2]              ; Merged with cpu:cpu_v1|ID:IDmd|imm[13] ;
; cpu:cpu_v1|ID:IDmd|rd[3]              ; Merged with cpu:cpu_v1|ID:IDmd|imm[14] ;
; cpu:cpu_v1|ID:IDmd|rd[4]              ; Merged with cpu:cpu_v1|ID:IDmd|imm[15] ;
; Total Number of Removed Registers = 5 ;                                        ;
+---------------------------------------+----------------------------------------+


+------------------------------------------------------+
; General Register Statistics                          ;
+----------------------------------------------+-------+
; Statistic                                    ; Value ;
+----------------------------------------------+-------+
; Total registers                              ; 867   ;
; Number of registers using Synchronous Clear  ; 0     ;
; Number of registers using Synchronous Load   ; 126   ;
; Number of registers using Asynchronous Clear ; 0     ;
; Number of registers using Asynchronous Load  ; 0     ;
; Number of registers using Clock Enable       ; 555   ;
; Number of registers using Preset             ; 0     ;
+----------------------------------------------+-------+


+-----------------------------------------------------------------------------------------------------------------------------------+
; Registers Packed Into Inferred Megafunctions                                                                                      ;
+---------------------------------------------------------------+------------------------------------------------------------+------+
; Register Name                                                 ; Megafunction                                               ; Type ;
+---------------------------------------------------------------+------------------------------------------------------------+------+
; cpu:cpu_v1|ID:IDmd|bushA[0..31]                               ; cpu:cpu_v1|ID:IDmd|reg_mem:regrd_wr|reg_memory_rtl_0       ; RAM  ;
; cpu:cpu_v1|ID:IDmd|bushB[0..31]                               ; cpu:cpu_v1|ID:IDmd|reg_mem:regrd_wr|reg_memory_rtl_1       ; RAM  ;
; cpu:cpu_v1|ID:IDmd|reg_mem:regrd_wr|reg_memory[0..31][16..31] ; cpu:cpu_v1|ID:IDmd|reg_mem:regrd_wr|reg_memory_rtl_1       ; RAM  ;
; cpu:cpu_v1|IF:IFmd|instr[0..31]                               ; cpu:cpu_v1|IF:IFmd|instr_mem:read_instr|instr_memory_rtl_0 ; RAM  ;
+---------------------------------------------------------------+------------------------------------------------------------+------+


+-------------------------------------------------------------------------------------------------------------------------------------------------------------------+
; Multiplexer Restructuring Statistics (Restructuring Performed)                                                                                                    ;
+--------------------+-----------+---------------+----------------------+------------------------+------------+-----------------------------------------------------+
; Multiplexer Inputs ; Bus Width ; Baseline Area ; Area if Restructured ; Saving if Restructured ; Registered ; Example Multiplexer Output                          ;
+--------------------+-----------+---------------+----------------------+------------------------+------------+-----------------------------------------------------+
; 4:1                ; 32 bits   ; 64 LEs        ; 0 LEs                ; 64 LEs                 ; Yes        ; |cpt_sys|cpu:cpu_v1|Mem:Memmd|jump_pc[13]           ;
; 5:1                ; 2 bits    ; 6 LEs         ; 4 LEs                ; 2 LEs                  ; Yes        ; |cpt_sys|cpu:cpu_v1|ID:IDmd|JUMP                    ;
; 5:1                ; 2 bits    ; 6 LEs         ; 4 LEs                ; 2 LEs                  ; Yes        ; |cpt_sys|cpu:cpu_v1|ID:IDmd|BRANCH                  ;
; 4:1                ; 2 bits    ; 4 LEs         ; 4 LEs                ; 0 LEs                  ; No         ; |cpt_sys|cpu:cpu_v1|Ex:Exmd|alu:alu_cal|ShiftLeft0  ;
; 4:1                ; 49 bits   ; 98 LEs        ; 98 LEs               ; 0 LEs                  ; No         ; |cpt_sys|cpu:cpu_v1|Ex:Exmd|alu:alu_cal|ShiftRight1 ;
; 4:1                ; 4 bits    ; 8 LEs         ; 8 LEs                ; 0 LEs                  ; No         ; |cpt_sys|cpu:cpu_v1|Ex:Exmd|alu:alu_cal|ShiftRight0 ;
; 4:1                ; 4 bits    ; 8 LEs         ; 8 LEs                ; 0 LEs                  ; No         ; |cpt_sys|cpu:cpu_v1|Ex:Exmd|alu:alu_cal|ShiftRight1 ;
; 4:1                ; 4 bits    ; 8 LEs         ; 8 LEs                ; 0 LEs                  ; No         ; |cpt_sys|cpu:cpu_v1|Ex:Exmd|alu:alu_cal|ShiftLeft0  ;
; 4:1                ; 4 bits    ; 8 LEs         ; 8 LEs                ; 0 LEs                  ; No         ; |cpt_sys|cpu:cpu_v1|Ex:Exmd|alu:alu_cal|ShiftLeft0  ;
; 4:1                ; 4 bits    ; 8 LEs         ; 8 LEs                ; 0 LEs                  ; No         ; |cpt_sys|cpu:cpu_v1|Ex:Exmd|alu:alu_cal|ShiftLeft0  ;
; 4:1                ; 32 bits   ; 64 LEs        ; 64 LEs               ; 0 LEs                  ; No         ; |cpt_sys|cpu:cpu_v1|Ex:Exmd|inA[7]                  ;
; 4:1                ; 32 bits   ; 64 LEs        ; 0 LEs                ; 64 LEs                 ; No         ; |cpt_sys|cpu:cpu_v1|Ex:Exmd|alu:alu_cal|Add0        ;
; 5:1                ; 32 bits   ; 96 LEs        ; 96 LEs               ; 0 LEs                  ; No         ; |cpt_sys|cpu:cpu_v1|Ex:Exmd|inB[16]                 ;
; 32:1               ; 16 bits   ; 336 LEs       ; 336 LEs              ; 0 LEs                  ; No         ; |cpt_sys|cpu:cpu_v1|ID:IDmd|reg_mem:regrd_wr|Mux95  ;
; 22:1               ; 8 bits    ; 112 LEs       ; 96 LEs               ; 16 LEs                 ; No         ; |cpt_sys|cpu:cpu_v1|Ex:Exmd|alu:alu_cal|Mux11       ;
; 21:1               ; 5 bits    ; 70 LEs        ; 60 LEs               ; 10 LEs                 ; No         ; |cpt_sys|cpu:cpu_v1|Ex:Exmd|alu:alu_cal|Mux23       ;
; 21:1               ; 3 bits    ; 42 LEs        ; 36 LEs               ; 6 LEs                  ; No         ; |cpt_sys|cpu:cpu_v1|Ex:Exmd|alu:alu_cal|Mux17       ;
; 23:1               ; 2 bits    ; 30 LEs        ; 24 LEs               ; 6 LEs                  ; No         ; |cpt_sys|cpu:cpu_v1|Ex:Exmd|alu:alu_cal|Mux22       ;
; 25:1               ; 3 bits    ; 48 LEs        ; 39 LEs               ; 9 LEs                  ; No         ; |cpt_sys|cpu:cpu_v1|Ex:Exmd|alu:alu_cal|Mux2        ;
; 24:1               ; 2 bits    ; 32 LEs        ; 24 LEs               ; 8 LEs                  ; No         ; |cpt_sys|cpu:cpu_v1|Ex:Exmd|alu:alu_cal|Mux5        ;
; 24:1               ; 3 bits    ; 48 LEs        ; 39 LEs               ; 9 LEs                  ; No         ; |cpt_sys|cpu:cpu_v1|Ex:Exmd|alu:alu_cal|Mux30       ;
+--------------------+-----------+---------------+----------------------+------------------------+------------+-----------------------------------------------------+


+-----------------------------------------------------------------------------------------------------------------------+
; Source assignments for cpu:cpu_v1|ID:IDmd|reg_mem:regrd_wr|altsyncram:reg_memory_rtl_0|altsyncram_u2n1:auto_generated ;
+---------------------------------+--------------------+------+---------------------------------------------------------+
; Assignment                      ; Value              ; From ; To                                                      ;
+---------------------------------+--------------------+------+---------------------------------------------------------+
; OPTIMIZE_POWER_DURING_SYNTHESIS ; NORMAL_COMPILATION ; -    ; -                                                       ;
+---------------------------------+--------------------+------+---------------------------------------------------------+


+-----------------------------------------------------------------------------------------------------------------------+
; Source assignments for cpu:cpu_v1|ID:IDmd|reg_mem:regrd_wr|altsyncram:reg_memory_rtl_1|altsyncram_u2n1:auto_generated ;
+---------------------------------+--------------------+------+---------------------------------------------------------+
; Assignment                      ; Value              ; From ; To                                                      ;
+---------------------------------+--------------------+------+---------------------------------------------------------+
; OPTIMIZE_POWER_DURING_SYNTHESIS ; NORMAL_COMPILATION ; -    ; -                                                       ;
+---------------------------------+--------------------+------+---------------------------------------------------------+


+-----------------------------------------------------------------------------------------------------------------------------+
; Source assignments for cpu:cpu_v1|IF:IFmd|instr_mem:read_instr|altsyncram:instr_memory_rtl_0|altsyncram_mgd1:auto_generated ;
+---------------------------------+--------------------+------+---------------------------------------------------------------+
; Assignment                      ; Value              ; From ; To                                                            ;
+---------------------------------+--------------------+------+---------------------------------------------------------------+
; OPTIMIZE_POWER_DURING_SYNTHESIS ; NORMAL_COMPILATION ; -    ; -                                                             ;
+---------------------------------+--------------------+------+---------------------------------------------------------------+


+------------------------------------------------------------------------------------------------------------------+
; Parameter Settings for Inferred Entity Instance: cpu:cpu_v1|ID:IDmd|reg_mem:regrd_wr|altsyncram:reg_memory_rtl_0 ;
+------------------------------------+----------------------+------------------------------------------------------+
; Parameter Name                     ; Value                ; Type                                                 ;
+------------------------------------+----------------------+------------------------------------------------------+
; BYTE_SIZE_BLOCK                    ; 8                    ; Untyped                                              ;
; AUTO_CARRY_CHAINS                  ; ON                   ; AUTO_CARRY                                           ;
; IGNORE_CARRY_BUFFERS               ; OFF                  ; IGNORE_CARRY                                         ;
; AUTO_CASCADE_CHAINS                ; ON                   ; AUTO_CASCADE                                         ;
; IGNORE_CASCADE_BUFFERS             ; OFF                  ; IGNORE_CASCADE                                       ;
; WIDTH_BYTEENA                      ; 1                    ; Untyped                                              ;
; OPERATION_MODE                     ; DUAL_PORT            ; Untyped                                              ;
; WIDTH_A                            ; 32                   ; Untyped                                              ;
; WIDTHAD_A                          ; 5                    ; Untyped                                              ;
; NUMWORDS_A                         ; 32                   ; Untyped                                              ;
; OUTDATA_REG_A                      ; UNREGISTERED         ; Untyped                                              ;
; ADDRESS_ACLR_A                     ; NONE                 ; Untyped                                              ;
; OUTDATA_ACLR_A                     ; NONE                 ; Untyped                                              ;
; WRCONTROL_ACLR_A                   ; NONE                 ; Untyped                                              ;
; INDATA_ACLR_A                      ; NONE                 ; Untyped                                              ;
; BYTEENA_ACLR_A                     ; NONE                 ; Untyped                                              ;
; WIDTH_B                            ; 32                   ; Untyped                                              ;
; WIDTHAD_B                          ; 5                    ; Untyped                                              ;
; NUMWORDS_B                         ; 32                   ; Untyped                                              ;
; INDATA_REG_B                       ; CLOCK1               ; Untyped                                              ;
; WRCONTROL_WRADDRESS_REG_B          ; CLOCK1               ; Untyped                                              ;
; RDCONTROL_REG_B                    ; CLOCK1               ; Untyped                                              ;
; ADDRESS_REG_B                      ; CLOCK0               ; Untyped                                              ;
; OUTDATA_REG_B                      ; UNREGISTERED         ; Untyped                                              ;
; BYTEENA_REG_B                      ; CLOCK1               ; Untyped                                              ;
; INDATA_ACLR_B                      ; NONE                 ; Untyped                                              ;
; WRCONTROL_ACLR_B                   ; NONE                 ; Untyped                                              ;
; ADDRESS_ACLR_B                     ; NONE                 ; Untyped                                              ;
; OUTDATA_ACLR_B                     ; NONE                 ; Untyped                                              ;
; RDCONTROL_ACLR_B                   ; NONE                 ; Untyped                                              ;
; BYTEENA_ACLR_B                     ; NONE                 ; Untyped                                              ;
; WIDTH_BYTEENA_A                    ; 1                    ; Untyped                                              ;
; WIDTH_BYTEENA_B                    ; 1                    ; Untyped                                              ;
; RAM_BLOCK_TYPE                     ; AUTO                 ; Untyped                                              ;
; BYTE_SIZE                          ; 8                    ; Untyped                                              ;
; READ_DURING_WRITE_MODE_MIXED_PORTS ; OLD_DATA             ; Untyped                                              ;
; READ_DURING_WRITE_MODE_PORT_A      ; NEW_DATA_NO_NBE_READ ; Untyped                                              ;
; READ_DURING_WRITE_MODE_PORT_B      ; NEW_DATA_NO_NBE_READ ; Untyped                                              ;
; INIT_FILE                          ; UNUSED               ; Untyped                                              ;
; INIT_FILE_LAYOUT                   ; PORT_A               ; Untyped                                              ;
; MAXIMUM_DEPTH                      ; 0                    ; Untyped                                              ;
; CLOCK_ENABLE_INPUT_A               ; NORMAL               ; Untyped                                              ;
; CLOCK_ENABLE_INPUT_B               ; NORMAL               ; Untyped                                              ;
; CLOCK_ENABLE_OUTPUT_A              ; NORMAL               ; Untyped                                              ;
; CLOCK_ENABLE_OUTPUT_B              ; NORMAL               ; Untyped                                              ;
; CLOCK_ENABLE_CORE_A                ; USE_INPUT_CLKEN      ; Untyped                                              ;
; CLOCK_ENABLE_CORE_B                ; USE_INPUT_CLKEN      ; Untyped                                              ;
; ENABLE_ECC                         ; FALSE                ; Untyped                                              ;
; ECC_PIPELINE_STAGE_ENABLED         ; FALSE                ; Untyped                                              ;
; WIDTH_ECCSTATUS                    ; 3                    ; Untyped                                              ;
; DEVICE_FAMILY                      ; Cyclone V            ; Untyped                                              ;
; CBXI_PARAMETER                     ; altsyncram_u2n1      ; Untyped                                              ;
+------------------------------------+----------------------+------------------------------------------------------+
Note: In order to hide this table in the UI and the text report file, please set the "Show Parameter Settings in Synthesis Report" option in "Analysis and Synthesis Settings -> More Settings" to "Off".


+------------------------------------------------------------------------------------------------------------------+
; Parameter Settings for Inferred Entity Instance: cpu:cpu_v1|ID:IDmd|reg_mem:regrd_wr|altsyncram:reg_memory_rtl_1 ;
+------------------------------------+----------------------+------------------------------------------------------+
; Parameter Name                     ; Value                ; Type                                                 ;
+------------------------------------+----------------------+------------------------------------------------------+
; BYTE_SIZE_BLOCK                    ; 8                    ; Untyped                                              ;
; AUTO_CARRY_CHAINS                  ; ON                   ; AUTO_CARRY                                           ;
; IGNORE_CARRY_BUFFERS               ; OFF                  ; IGNORE_CARRY                                         ;
; AUTO_CASCADE_CHAINS                ; ON                   ; AUTO_CASCADE                                         ;
; IGNORE_CASCADE_BUFFERS             ; OFF                  ; IGNORE_CASCADE                                       ;
; WIDTH_BYTEENA                      ; 1                    ; Untyped                                              ;
; OPERATION_MODE                     ; DUAL_PORT            ; Untyped                                              ;
; WIDTH_A                            ; 32                   ; Untyped                                              ;
; WIDTHAD_A                          ; 5                    ; Untyped                                              ;
; NUMWORDS_A                         ; 32                   ; Untyped                                              ;
; OUTDATA_REG_A                      ; UNREGISTERED         ; Untyped                                              ;
; ADDRESS_ACLR_A                     ; NONE                 ; Untyped                                              ;
; OUTDATA_ACLR_A                     ; NONE                 ; Untyped                                              ;
; WRCONTROL_ACLR_A                   ; NONE                 ; Untyped                                              ;
; INDATA_ACLR_A                      ; NONE                 ; Untyped                                              ;
; BYTEENA_ACLR_A                     ; NONE                 ; Untyped                                              ;
; WIDTH_B                            ; 32                   ; Untyped                                              ;
; WIDTHAD_B                          ; 5                    ; Untyped                                              ;
; NUMWORDS_B                         ; 32                   ; Untyped                                              ;
; INDATA_REG_B                       ; CLOCK1               ; Untyped                                              ;
; WRCONTROL_WRADDRESS_REG_B          ; CLOCK1               ; Untyped                                              ;
; RDCONTROL_REG_B                    ; CLOCK1               ; Untyped                                              ;
; ADDRESS_REG_B                      ; CLOCK0               ; Untyped                                              ;
; OUTDATA_REG_B                      ; UNREGISTERED         ; Untyped                                              ;
; BYTEENA_REG_B                      ; CLOCK1               ; Untyped                                              ;
; INDATA_ACLR_B                      ; NONE                 ; Untyped                                              ;
; WRCONTROL_ACLR_B                   ; NONE                 ; Untyped                                              ;
; ADDRESS_ACLR_B                     ; NONE                 ; Untyped                                              ;
; OUTDATA_ACLR_B                     ; NONE                 ; Untyped                                              ;
; RDCONTROL_ACLR_B                   ; NONE                 ; Untyped                                              ;
; BYTEENA_ACLR_B                     ; NONE                 ; Untyped                                              ;
; WIDTH_BYTEENA_A                    ; 1                    ; Untyped                                              ;
; WIDTH_BYTEENA_B                    ; 1                    ; Untyped                                              ;
; RAM_BLOCK_TYPE                     ; AUTO                 ; Untyped                                              ;
; BYTE_SIZE                          ; 8                    ; Untyped                                              ;
; READ_DURING_WRITE_MODE_MIXED_PORTS ; OLD_DATA             ; Untyped                                              ;
; READ_DURING_WRITE_MODE_PORT_A      ; NEW_DATA_NO_NBE_READ ; Untyped                                              ;
; READ_DURING_WRITE_MODE_PORT_B      ; NEW_DATA_NO_NBE_READ ; Untyped                                              ;
; INIT_FILE                          ; UNUSED               ; Untyped                                              ;
; INIT_FILE_LAYOUT                   ; PORT_A               ; Untyped                                              ;
; MAXIMUM_DEPTH                      ; 0                    ; Untyped                                              ;
; CLOCK_ENABLE_INPUT_A               ; NORMAL               ; Untyped                                              ;
; CLOCK_ENABLE_INPUT_B               ; NORMAL               ; Untyped                                              ;
; CLOCK_ENABLE_OUTPUT_A              ; NORMAL               ; Untyped                                              ;
; CLOCK_ENABLE_OUTPUT_B              ; NORMAL               ; Untyped                                              ;
; CLOCK_ENABLE_CORE_A                ; USE_INPUT_CLKEN      ; Untyped                                              ;
; CLOCK_ENABLE_CORE_B                ; USE_INPUT_CLKEN      ; Untyped                                              ;
; ENABLE_ECC                         ; FALSE                ; Untyped                                              ;
; ECC_PIPELINE_STAGE_ENABLED         ; FALSE                ; Untyped                                              ;
; WIDTH_ECCSTATUS                    ; 3                    ; Untyped                                              ;
; DEVICE_FAMILY                      ; Cyclone V            ; Untyped                                              ;
; CBXI_PARAMETER                     ; altsyncram_u2n1      ; Untyped                                              ;
+------------------------------------+----------------------+------------------------------------------------------+
Note: In order to hide this table in the UI and the text report file, please set the "Show Parameter Settings in Synthesis Report" option in "Analysis and Synthesis Settings -> More Settings" to "Off".


+------------------------------------------------------------------------------------------------------------------------+
; Parameter Settings for Inferred Entity Instance: cpu:cpu_v1|IF:IFmd|instr_mem:read_instr|altsyncram:instr_memory_rtl_0 ;
+------------------------------------+--------------------------------------------+--------------------------------------+
; Parameter Name                     ; Value                                      ; Type                                 ;
+------------------------------------+--------------------------------------------+--------------------------------------+
; BYTE_SIZE_BLOCK                    ; 8                                          ; Untyped                              ;
; AUTO_CARRY_CHAINS                  ; ON                                         ; AUTO_CARRY                           ;
; IGNORE_CARRY_BUFFERS               ; OFF                                        ; IGNORE_CARRY                         ;
; AUTO_CASCADE_CHAINS                ; ON                                         ; AUTO_CASCADE                         ;
; IGNORE_CASCADE_BUFFERS             ; OFF                                        ; IGNORE_CASCADE                       ;
; WIDTH_BYTEENA                      ; 1                                          ; Untyped                              ;
; OPERATION_MODE                     ; ROM                                        ; Untyped                              ;
; WIDTH_A                            ; 32                                         ; Untyped                              ;
; WIDTHAD_A                          ; 10                                         ; Untyped                              ;
; NUMWORDS_A                         ; 1024                                       ; Untyped                              ;
; OUTDATA_REG_A                      ; UNREGISTERED                               ; Untyped                              ;
; ADDRESS_ACLR_A                     ; NONE                                       ; Untyped                              ;
; OUTDATA_ACLR_A                     ; NONE                                       ; Untyped                              ;
; WRCONTROL_ACLR_A                   ; NONE                                       ; Untyped                              ;
; INDATA_ACLR_A                      ; NONE                                       ; Untyped                              ;
; BYTEENA_ACLR_A                     ; NONE                                       ; Untyped                              ;
; WIDTH_B                            ; 1                                          ; Untyped                              ;
; WIDTHAD_B                          ; 1                                          ; Untyped                              ;
; NUMWORDS_B                         ; 1                                          ; Untyped                              ;
; INDATA_REG_B                       ; CLOCK1                                     ; Untyped                              ;
; WRCONTROL_WRADDRESS_REG_B          ; CLOCK1                                     ; Untyped                              ;
; RDCONTROL_REG_B                    ; CLOCK1                                     ; Untyped                              ;
; ADDRESS_REG_B                      ; CLOCK1                                     ; Untyped                              ;
; OUTDATA_REG_B                      ; UNREGISTERED                               ; Untyped                              ;
; BYTEENA_REG_B                      ; CLOCK1                                     ; Untyped                              ;
; INDATA_ACLR_B                      ; NONE                                       ; Untyped                              ;
; WRCONTROL_ACLR_B                   ; NONE                                       ; Untyped                              ;
; ADDRESS_ACLR_B                     ; NONE                                       ; Untyped                              ;
; OUTDATA_ACLR_B                     ; NONE                                       ; Untyped                              ;
; RDCONTROL_ACLR_B                   ; NONE                                       ; Untyped                              ;
; BYTEENA_ACLR_B                     ; NONE                                       ; Untyped                              ;
; WIDTH_BYTEENA_A                    ; 1                                          ; Untyped                              ;
; WIDTH_BYTEENA_B                    ; 1                                          ; Untyped                              ;
; RAM_BLOCK_TYPE                     ; AUTO                                       ; Untyped                              ;
; BYTE_SIZE                          ; 8                                          ; Untyped                              ;
; READ_DURING_WRITE_MODE_MIXED_PORTS ; DONT_CARE                                  ; Untyped                              ;
; READ_DURING_WRITE_MODE_PORT_A      ; NEW_DATA_NO_NBE_READ                       ; Untyped                              ;
; READ_DURING_WRITE_MODE_PORT_B      ; NEW_DATA_NO_NBE_READ                       ; Untyped                              ;
; INIT_FILE                          ; db/cpt_sys.ram0_instr_mem_8ff0214b.hdl.mif ; Untyped                              ;
; INIT_FILE_LAYOUT                   ; PORT_A                                     ; Untyped                              ;
; MAXIMUM_DEPTH                      ; 0                                          ; Untyped                              ;
; CLOCK_ENABLE_INPUT_A               ; NORMAL                                     ; Untyped                              ;
; CLOCK_ENABLE_INPUT_B               ; NORMAL                                     ; Untyped                              ;
; CLOCK_ENABLE_OUTPUT_A              ; NORMAL                                     ; Untyped                              ;
; CLOCK_ENABLE_OUTPUT_B              ; NORMAL                                     ; Untyped                              ;
; CLOCK_ENABLE_CORE_A                ; USE_INPUT_CLKEN                            ; Untyped                              ;
; CLOCK_ENABLE_CORE_B                ; USE_INPUT_CLKEN                            ; Untyped                              ;
; ENABLE_ECC                         ; FALSE                                      ; Untyped                              ;
; ECC_PIPELINE_STAGE_ENABLED         ; FALSE                                      ; Untyped                              ;
; WIDTH_ECCSTATUS                    ; 3                                          ; Untyped                              ;
; DEVICE_FAMILY                      ; Cyclone V                                  ; Untyped                              ;
; CBXI_PARAMETER                     ; altsyncram_mgd1                            ; Untyped                              ;
+------------------------------------+--------------------------------------------+--------------------------------------+
Note: In order to hide this table in the UI and the text report file, please set the "Show Parameter Settings in Synthesis Report" option in "Analysis and Synthesis Settings -> More Settings" to "Off".


+-------------------------------------------------------------------------------------------------------------------+
; altsyncram Parameter Settings by Entity Instance                                                                  ;
+-------------------------------------------+-----------------------------------------------------------------------+
; Name                                      ; Value                                                                 ;
+-------------------------------------------+-----------------------------------------------------------------------+
; Number of entity instances                ; 3                                                                     ;
; Entity Instance                           ; cpu:cpu_v1|ID:IDmd|reg_mem:regrd_wr|altsyncram:reg_memory_rtl_0       ;
;     -- OPERATION_MODE                     ; DUAL_PORT                                                             ;
;     -- WIDTH_A                            ; 32                                                                    ;
;     -- NUMWORDS_A                         ; 32                                                                    ;
;     -- OUTDATA_REG_A                      ; UNREGISTERED                                                          ;
;     -- WIDTH_B                            ; 32                                                                    ;
;     -- NUMWORDS_B                         ; 32                                                                    ;
;     -- ADDRESS_REG_B                      ; CLOCK0                                                                ;
;     -- OUTDATA_REG_B                      ; UNREGISTERED                                                          ;
;     -- RAM_BLOCK_TYPE                     ; AUTO                                                                  ;
;     -- READ_DURING_WRITE_MODE_MIXED_PORTS ; OLD_DATA                                                              ;
; Entity Instance                           ; cpu:cpu_v1|ID:IDmd|reg_mem:regrd_wr|altsyncram:reg_memory_rtl_1       ;
;     -- OPERATION_MODE                     ; DUAL_PORT                                                             ;
;     -- WIDTH_A                            ; 32                                                                    ;
;     -- NUMWORDS_A                         ; 32                                                                    ;
;     -- OUTDATA_REG_A                      ; UNREGISTERED                                                          ;
;     -- WIDTH_B                            ; 32                                                                    ;
;     -- NUMWORDS_B                         ; 32                                                                    ;
;     -- ADDRESS_REG_B                      ; CLOCK0                                                                ;
;     -- OUTDATA_REG_B                      ; UNREGISTERED                                                          ;
;     -- RAM_BLOCK_TYPE                     ; AUTO                                                                  ;
;     -- READ_DURING_WRITE_MODE_MIXED_PORTS ; OLD_DATA                                                              ;
; Entity Instance                           ; cpu:cpu_v1|IF:IFmd|instr_mem:read_instr|altsyncram:instr_memory_rtl_0 ;
;     -- OPERATION_MODE                     ; ROM                                                                   ;
;     -- WIDTH_A                            ; 32                                                                    ;
;     -- NUMWORDS_A                         ; 1024                                                                  ;
;     -- OUTDATA_REG_A                      ; UNREGISTERED                                                          ;
;     -- WIDTH_B                            ; 1                                                                     ;
;     -- NUMWORDS_B                         ; 1                                                                     ;
;     -- ADDRESS_REG_B                      ; CLOCK1                                                                ;
;     -- OUTDATA_REG_B                      ; UNREGISTERED                                                          ;
;     -- RAM_BLOCK_TYPE                     ; AUTO                                                                  ;
;     -- READ_DURING_WRITE_MODE_MIXED_PORTS ; DONT_CARE                                                             ;
+-------------------------------------------+-----------------------------------------------------------------------+


+------------------------------------------------------------------------------------------------------------------------------------------------------------------------------------+
; Port Connectivity Checks: "cpu:cpu_v1"                                                                                                                                             ;
+-----------------+--------+----------+----------------------------------------------------------------------------------------------------------------------------------------------+
; Port            ; Type   ; Severity ; Details                                                                                                                                      ;
+-----------------+--------+----------+----------------------------------------------------------------------------------------------------------------------------------------------+
; regdata[31..16] ; Output ; Info     ; Connected to dangling logic. Logic that only feeds a dangling port will be removed.                                                          ;
; data[31..8]     ; Output ; Info     ; Connected to dangling logic. Logic that only feeds a dangling port will be removed.                                                          ;
; memdata         ; Input  ; Warning  ; Declared by entity but not connected by instance. If a default value exists, it will be used.  Otherwise, the port will be connected to GND. ;
; rdaddr          ; Output ; Warning  ; Declared by entity but not connected by instance. Logic that only feeds a dangling port will be removed.                                     ;
; maddr           ; Output ; Warning  ; Declared by entity but not connected by instance. Logic that only feeds a dangling port will be removed.                                     ;
; wdata           ; Output ; Warning  ; Declared by entity but not connected by instance. Logic that only feeds a dangling port will be removed.                                     ;
; wme             ; Output ; Warning  ; Declared by entity but not connected by instance. Logic that only feeds a dangling port will be removed.                                     ;
+-----------------+--------+----------+----------------------------------------------------------------------------------------------------------------------------------------------+


+-----------------------------------------------------+
; Post-Synthesis Netlist Statistics for Top Partition ;
+-----------------------+-----------------------------+
; Type                  ; Count                       ;
+-----------------------+-----------------------------+
; arriav_ff             ; 867                         ;
;     ENA               ; 523                         ;
;     ENA SLD           ; 32                          ;
;     SLD               ; 94                          ;
;     plain             ; 218                         ;
; arriav_io_obuf        ; 4                           ;
; arriav_lcell_comb     ; 1004                        ;
;     arith             ; 93                          ;
;         1 data inputs ; 31                          ;
;         2 data inputs ; 16                          ;
;         3 data inputs ; 14                          ;
;         5 data inputs ; 32                          ;
;     extend            ; 26                          ;
;         7 data inputs ; 26                          ;
;     normal            ; 885                         ;
;         0 data inputs ; 2                           ;
;         1 data inputs ; 4                           ;
;         2 data inputs ; 73                          ;
;         3 data inputs ; 48                          ;
;         4 data inputs ; 147                         ;
;         5 data inputs ; 82                          ;
;         6 data inputs ; 529                         ;
; boundary_port         ; 103                         ;
; stratixv_ram_block    ; 96                          ;
;                       ;                             ;
; Max LUT depth         ; 12.00                       ;
; Average LUT depth     ; 6.68                        ;
+-----------------------+-----------------------------+


+-------------------------------+
; Elapsed Time Per Partition    ;
+----------------+--------------+
; Partition Name ; Elapsed Time ;
+----------------+--------------+
; Top            ; 00:00:03     ;
+----------------+--------------+


+-------------------------------+
; Analysis & Synthesis Messages ;
+-------------------------------+
Info: *******************************************************************
Info: Running Quartus Prime Analysis & Synthesis
    Info: Version 17.1.0 Build 590 10/25/2017 SJ Lite Edition
    Info: Processing started: Fri Nov 27 07:00:53 2020
Info: Command: quartus_map --read_settings_files=on --write_settings_files=off cpt_sys -c cpt_sys
Warning (18236): Number of processors has not been specified which may cause overloading on shared machines.  Set the global assignment NUM_PARALLEL_PROCESSORS in your QSF to an appropriate value for best performance.
Info (20030): Parallel compilation is enabled and will use 8 of the 8 processors detected
Info (12021): Found 1 design units, including 1 entities, in source file cpu.v
    Info (12023): Found entity 1: cpu File: C:/Users/yxw/Desktop/cpu_v3/cpu.v Line: 5
Info (12021): Found 1 design units, including 1 entities, in source file alu.v
    Info (12023): Found entity 1: alu File: C:/Users/yxw/Desktop/cpu_v3/alu.v Line: 1
Info (12021): Found 1 design units, including 1 entities, in source file cpt_sys.v
    Info (12023): Found entity 1: cpt_sys File: C:/Users/yxw/Desktop/cpu_v3/cpt_sys.v Line: 6
Warning (10275): Verilog HDL Module Instantiation warning at Ex.v(57): ignored dangling comma in List of Port Connections File: C:/Users/yxw/Desktop/cpu_v3/Ex.v Line: 57
Info (12021): Found 1 design units, including 1 entities, in source file ex.v
    Info (12023): Found entity 1: Ex File: C:/Users/yxw/Desktop/cpu_v3/Ex.v Line: 1
Info (12021): Found 1 design units, including 1 entities, in source file ext_sign.v
    Info (12023): Found entity 1: ext_sign File: C:/Users/yxw/Desktop/cpu_v3/ext_sign.v Line: 1
Info (12021): Found 1 design units, including 1 entities, in source file id.v
    Info (12023): Found entity 1: ID File: C:/Users/yxw/Desktop/cpu_v3/ID.v Line: 1
Info (12021): Found 1 design units, including 1 entities, in source file instr_mem.v
    Info (12023): Found entity 1: instr_mem File: C:/Users/yxw/Desktop/cpu_v3/instr_mem.v Line: 2
Info (12021): Found 1 design units, including 1 entities, in source file mem.v
    Info (12023): Found entity 1: Mem File: C:/Users/yxw/Desktop/cpu_v3/Mem.v Line: 1
Info (12021): Found 1 design units, including 1 entities, in source file reg_mem.v
    Info (12023): Found entity 1: reg_mem File: C:/Users/yxw/Desktop/cpu_v3/reg_mem.v Line: 1
Info (12021): Found 1 design units, including 1 entities, in source file wr.v
    Info (12023): Found entity 1: Wr File: C:/Users/yxw/Desktop/cpu_v3/Wr.v Line: 1
Info (12127): Elaborating entity "cpt_sys" for the top level hierarchy
Warning (10034): Output port "LEDR" at cpt_sys.v(21) has no driver File: C:/Users/yxw/Desktop/cpu_v3/cpt_sys.v Line: 21
Warning (10034): Output port "VGA_B" at cpt_sys.v(33) has no driver File: C:/Users/yxw/Desktop/cpu_v3/cpt_sys.v Line: 33
Warning (10034): Output port "VGA_G" at cpt_sys.v(35) has no driver File: C:/Users/yxw/Desktop/cpu_v3/cpt_sys.v Line: 35
Warning (10034): Output port "VGA_R" at cpt_sys.v(37) has no driver File: C:/Users/yxw/Desktop/cpu_v3/cpt_sys.v Line: 37
Warning (10034): Output port "VGA_BLANK_N" at cpt_sys.v(32) has no driver File: C:/Users/yxw/Desktop/cpu_v3/cpt_sys.v Line: 32
Warning (10034): Output port "VGA_CLK" at cpt_sys.v(34) has no driver File: C:/Users/yxw/Desktop/cpu_v3/cpt_sys.v Line: 34
Warning (10034): Output port "VGA_HS" at cpt_sys.v(36) has no driver File: C:/Users/yxw/Desktop/cpu_v3/cpt_sys.v Line: 36
Warning (10034): Output port "VGA_SYNC_N" at cpt_sys.v(38) has no driver File: C:/Users/yxw/Desktop/cpu_v3/cpt_sys.v Line: 38
Warning (10034): Output port "VGA_VS" at cpt_sys.v(39) has no driver File: C:/Users/yxw/Desktop/cpu_v3/cpt_sys.v Line: 39
Info (12128): Elaborating entity "cpu" for hierarchy "cpu:cpu_v1" File: C:/Users/yxw/Desktop/cpu_v3/cpt_sys.v Line: 61
Warning (12125): Using design file if.v, which is not specified as a design file for the current project, but contains definitions for 1 design units and 1 entities in project
    Info (12023): Found entity 1: IF File: C:/Users/yxw/Desktop/cpu_v3/if.v Line: 1
Info (12128): Elaborating entity "IF" for hierarchy "cpu:cpu_v1|IF:IFmd" File: C:/Users/yxw/Desktop/cpu_v3/cpu.v Line: 30
Info (12128): Elaborating entity "instr_mem" for hierarchy "cpu:cpu_v1|IF:IFmd|instr_mem:read_instr" File: C:/Users/yxw/Desktop/cpu_v3/if.v Line: 24
Warning (10850): Verilog HDL warning at instr_mem.v(12): number of words (610) in memory file does not match the number of elements in the address range [0:1023] File: C:/Users/yxw/Desktop/cpu_v3/instr_mem.v Line: 12
Warning (10030): Net "instr_memory.data_a" at instr_mem.v(9) has no driver or initial value, using a default initial value '0' File: C:/Users/yxw/Desktop/cpu_v3/instr_mem.v Line: 9
Warning (10030): Net "instr_memory.waddr_a" at instr_mem.v(9) has no driver or initial value, using a default initial value '0' File: C:/Users/yxw/Desktop/cpu_v3/instr_mem.v Line: 9
Warning (10030): Net "instr_memory.we_a" at instr_mem.v(9) has no driver or initial value, using a default initial value '0' File: C:/Users/yxw/Desktop/cpu_v3/instr_mem.v Line: 9
Info (12128): Elaborating entity "ID" for hierarchy "cpu:cpu_v1|ID:IDmd" File: C:/Users/yxw/Desktop/cpu_v3/cpu.v Line: 96
Info (12128): Elaborating entity "reg_mem" for hierarchy "cpu:cpu_v1|ID:IDmd|reg_mem:regrd_wr" File: C:/Users/yxw/Desktop/cpu_v3/ID.v Line: 219
Info (12128): Elaborating entity "Ex" for hierarchy "cpu:cpu_v1|Ex:Exmd" File: C:/Users/yxw/Desktop/cpu_v3/cpu.v Line: 158
Info (12128): Elaborating entity "ext_sign" for hierarchy "cpu:cpu_v1|Ex:Exmd|ext_sign:ext" File: C:/Users/yxw/Desktop/cpu_v3/Ex.v Line: 57
Info (12128): Elaborating entity "alu" for hierarchy "cpu:cpu_v1|Ex:Exmd|alu:alu_cal" File: C:/Users/yxw/Desktop/cpu_v3/Ex.v Line: 135
Info (12128): Elaborating entity "Mem" for hierarchy "cpu:cpu_v1|Mem:Memmd" File: C:/Users/yxw/Desktop/cpu_v3/cpu.v Line: 191
Info (12128): Elaborating entity "Wr" for hierarchy "cpu:cpu_v1|Wr:Wrmd" File: C:/Users/yxw/Desktop/cpu_v3/cpu.v Line: 203
Warning (12125): Using design file hex.v, which is not specified as a design file for the current project, but contains definitions for 1 design units and 1 entities in project
    Info (12023): Found entity 1: hex File: C:/Users/yxw/Desktop/cpu_v3/hex.v Line: 1
Info (12128): Elaborating entity "hex" for hierarchy "hex:hex1" File: C:/Users/yxw/Desktop/cpu_v3/cpt_sys.v Line: 62
Info (19000): Inferred 3 megafunctions from design logic
    Info (276029): Inferred altsyncram megafunction from the following design logic: "cpu:cpu_v1|ID:IDmd|reg_mem:regrd_wr|reg_memory_rtl_0" 
        Info (286033): Parameter OPERATION_MODE set to DUAL_PORT
        Info (286033): Parameter WIDTH_A set to 32
        Info (286033): Parameter WIDTHAD_A set to 5
        Info (286033): Parameter NUMWORDS_A set to 32
        Info (286033): Parameter WIDTH_B set to 32
        Info (286033): Parameter WIDTHAD_B set to 5
        Info (286033): Parameter NUMWORDS_B set to 32
        Info (286033): Parameter ADDRESS_ACLR_A set to NONE
        Info (286033): Parameter OUTDATA_REG_B set to UNREGISTERED
        Info (286033): Parameter ADDRESS_ACLR_B set to NONE
        Info (286033): Parameter OUTDATA_ACLR_B set to NONE
        Info (286033): Parameter ADDRESS_REG_B set to CLOCK0
        Info (286033): Parameter INDATA_ACLR_A set to NONE
        Info (286033): Parameter WRCONTROL_ACLR_A set to NONE
        Info (286033): Parameter READ_DURING_WRITE_MODE_MIXED_PORTS set to OLD_DATA
    Info (276029): Inferred altsyncram megafunction from the following design logic: "cpu:cpu_v1|ID:IDmd|reg_mem:regrd_wr|reg_memory_rtl_1" 
        Info (286033): Parameter OPERATION_MODE set to DUAL_PORT
        Info (286033): Parameter WIDTH_A set to 32
        Info (286033): Parameter WIDTHAD_A set to 5
        Info (286033): Parameter NUMWORDS_A set to 32
        Info (286033): Parameter WIDTH_B set to 32
        Info (286033): Parameter WIDTHAD_B set to 5
        Info (286033): Parameter NUMWORDS_B set to 32
        Info (286033): Parameter ADDRESS_ACLR_A set to NONE
        Info (286033): Parameter OUTDATA_REG_B set to UNREGISTERED
        Info (286033): Parameter ADDRESS_ACLR_B set to NONE
        Info (286033): Parameter OUTDATA_ACLR_B set to NONE
        Info (286033): Parameter ADDRESS_REG_B set to CLOCK0
        Info (286033): Parameter INDATA_ACLR_A set to NONE
        Info (286033): Parameter WRCONTROL_ACLR_A set to NONE
        Info (286033): Parameter READ_DURING_WRITE_MODE_MIXED_PORTS set to OLD_DATA
    Info (276029): Inferred altsyncram megafunction from the following design logic: "cpu:cpu_v1|IF:IFmd|instr_mem:read_instr|instr_memory_rtl_0" 
        Info (286033): Parameter OPERATION_MODE set to ROM
        Info (286033): Parameter WIDTH_A set to 32
        Info (286033): Parameter WIDTHAD_A set to 10
        Info (286033): Parameter NUMWORDS_A set to 1024
        Info (286033): Parameter OUTDATA_REG_A set to UNREGISTERED
        Info (286033): Parameter ADDRESS_ACLR_A set to NONE
        Info (286033): Parameter OUTDATA_ACLR_A set to NONE
        Info (286033): Parameter INDATA_ACLR_A set to NONE
        Info (286033): Parameter WRCONTROL_ACLR_A set to NONE
        Info (286033): Parameter INIT_FILE set to db/cpt_sys.ram0_instr_mem_8ff0214b.hdl.mif
Info (12130): Elaborated megafunction instantiation "cpu:cpu_v1|ID:IDmd|reg_mem:regrd_wr|altsyncram:reg_memory_rtl_0"
Info (12133): Instantiated megafunction "cpu:cpu_v1|ID:IDmd|reg_mem:regrd_wr|altsyncram:reg_memory_rtl_0" with the following parameter:
    Info (12134): Parameter "OPERATION_MODE" = "DUAL_PORT"
    Info (12134): Parameter "WIDTH_A" = "32"
    Info (12134): Parameter "WIDTHAD_A" = "5"
    Info (12134): Parameter "NUMWORDS_A" = "32"
    Info (12134): Parameter "WIDTH_B" = "32"
    Info (12134): Parameter "WIDTHAD_B" = "5"
    Info (12134): Parameter "NUMWORDS_B" = "32"
    Info (12134): Parameter "ADDRESS_ACLR_A" = "NONE"
    Info (12134): Parameter "OUTDATA_REG_B" = "UNREGISTERED"
    Info (12134): Parameter "ADDRESS_ACLR_B" = "NONE"
    Info (12134): Parameter "OUTDATA_ACLR_B" = "NONE"
    Info (12134): Parameter "ADDRESS_REG_B" = "CLOCK0"
    Info (12134): Parameter "INDATA_ACLR_A" = "NONE"
    Info (12134): Parameter "WRCONTROL_ACLR_A" = "NONE"
    Info (12134): Parameter "READ_DURING_WRITE_MODE_MIXED_PORTS" = "OLD_DATA"
Info (12021): Found 1 design units, including 1 entities, in source file db/altsyncram_u2n1.tdf
    Info (12023): Found entity 1: altsyncram_u2n1 File: C:/Users/yxw/Desktop/cpu_v3/db/altsyncram_u2n1.tdf Line: 27
Info (12130): Elaborated megafunction instantiation "cpu:cpu_v1|IF:IFmd|instr_mem:read_instr|altsyncram:instr_memory_rtl_0"
Info (12133): Instantiated megafunction "cpu:cpu_v1|IF:IFmd|instr_mem:read_instr|altsyncram:instr_memory_rtl_0" with the following parameter:
    Info (12134): Parameter "OPERATION_MODE" = "ROM"
    Info (12134): Parameter "WIDTH_A" = "32"
    Info (12134): Parameter "WIDTHAD_A" = "10"
    Info (12134): Parameter "NUMWORDS_A" = "1024"
    Info (12134): Parameter "OUTDATA_REG_A" = "UNREGISTERED"
    Info (12134): Parameter "ADDRESS_ACLR_A" = "NONE"
    Info (12134): Parameter "OUTDATA_ACLR_A" = "NONE"
    Info (12134): Parameter "INDATA_ACLR_A" = "NONE"
    Info (12134): Parameter "WRCONTROL_ACLR_A" = "NONE"
    Info (12134): Parameter "INIT_FILE" = "db/cpt_sys.ram0_instr_mem_8ff0214b.hdl.mif"
Info (12021): Found 1 design units, including 1 entities, in source file db/altsyncram_mgd1.tdf
    Info (12023): Found entity 1: altsyncram_mgd1 File: C:/Users/yxw/Desktop/cpu_v3/db/altsyncram_mgd1.tdf Line: 27
Warning (127007): Memory Initialization File or Hexadecimal (Intel-Format) File "C:/Users/yxw/Desktop/cpu_v3/db/cpt_sys.ram0_instr_mem_8ff0214b.hdl.mif" contains "don't care" values -- overwriting them with 0s File: c:/intelfpga_lite/17.1/quartus/libraries/megafunctions/altsyncram.tdf Line: 791
Warning (127007): Memory Initialization File or Hexadecimal (Intel-Format) File "C:/Users/yxw/Desktop/cpu_v3/db/cpt_sys.ram0_instr_mem_8ff0214b.hdl.mif" contains "don't care" values -- overwriting them with 0s File: c:/intelfpga_lite/17.1/quartus/libraries/megafunctions/altsyncram.tdf Line: 791
Warning (12241): 1 hierarchies have connectivity warnings - see the Connectivity Checks report folder
Warning (13039): The following bidirectional pins have no drivers
    Warning (13040): bidirectional pin "PS2_CLK" has no driver File: C:/Users/yxw/Desktop/cpu_v3/cpt_sys.v Line: 42
    Warning (13040): bidirectional pin "PS2_CLK2" has no driver File: C:/Users/yxw/Desktop/cpu_v3/cpt_sys.v Line: 43
    Warning (13040): bidirectional pin "PS2_DAT" has no driver File: C:/Users/yxw/Desktop/cpu_v3/cpt_sys.v Line: 44
    Warning (13040): bidirectional pin "PS2_DAT2" has no driver File: C:/Users/yxw/Desktop/cpu_v3/cpt_sys.v Line: 46
Warning (13024): Output pins are stuck at VCC or GND
    Warning (13410): Pin "LEDR[0]" is stuck at GND File: C:/Users/yxw/Desktop/cpu_v3/cpt_sys.v Line: 21
    Warning (13410): Pin "LEDR[1]" is stuck at GND File: C:/Users/yxw/Desktop/cpu_v3/cpt_sys.v Line: 21
    Warning (13410): Pin "LEDR[2]" is stuck at GND File: C:/Users/yxw/Desktop/cpu_v3/cpt_sys.v Line: 21
    Warning (13410): Pin "LEDR[3]" is stuck at GND File: C:/Users/yxw/Desktop/cpu_v3/cpt_sys.v Line: 21
    Warning (13410): Pin "LEDR[4]" is stuck at GND File: C:/Users/yxw/Desktop/cpu_v3/cpt_sys.v Line: 21
    Warning (13410): Pin "LEDR[5]" is stuck at GND File: C:/Users/yxw/Desktop/cpu_v3/cpt_sys.v Line: 21
    Warning (13410): Pin "LEDR[6]" is stuck at GND File: C:/Users/yxw/Desktop/cpu_v3/cpt_sys.v Line: 21
    Warning (13410): Pin "LEDR[7]" is stuck at GND File: C:/Users/yxw/Desktop/cpu_v3/cpt_sys.v Line: 21
    Warning (13410): Pin "LEDR[8]" is stuck at GND File: C:/Users/yxw/Desktop/cpu_v3/cpt_sys.v Line: 21
    Warning (13410): Pin "LEDR[9]" is stuck at GND File: C:/Users/yxw/Desktop/cpu_v3/cpt_sys.v Line: 21
    Warning (13410): Pin "HEX4[1]" is stuck at GND File: C:/Users/yxw/Desktop/cpu_v3/cpt_sys.v Line: 28
    Warning (13410): Pin "HEX4[2]" is stuck at GND File: C:/Users/yxw/Desktop/cpu_v3/cpt_sys.v Line: 28
    Warning (13410): Pin "HEX4[6]" is stuck at VCC File: C:/Users/yxw/Desktop/cpu_v3/cpt_sys.v Line: 28
    Warning (13410): Pin "HEX5[0]" is stuck at GND File: C:/Users/yxw/Desktop/cpu_v3/cpt_sys.v Line: 29
    Warning (13410): Pin "HEX5[1]" is stuck at GND File: C:/Users/yxw/Desktop/cpu_v3/cpt_sys.v Line: 29
    Warning (13410): Pin "HEX5[2]" is stuck at GND File: C:/Users/yxw/Desktop/cpu_v3/cpt_sys.v Line: 29
    Warning (13410): Pin "HEX5[3]" is stuck at GND File: C:/Users/yxw/Desktop/cpu_v3/cpt_sys.v Line: 29
    Warning (13410): Pin "HEX5[4]" is stuck at GND File: C:/Users/yxw/Desktop/cpu_v3/cpt_sys.v Line: 29
    Warning (13410): Pin "HEX5[5]" is stuck at GND File: C:/Users/yxw/Desktop/cpu_v3/cpt_sys.v Line: 29
    Warning (13410): Pin "HEX5[6]" is stuck at VCC File: C:/Users/yxw/Desktop/cpu_v3/cpt_sys.v Line: 29
    Warning (13410): Pin "VGA_BLANK_N" is stuck at GND File: C:/Users/yxw/Desktop/cpu_v3/cpt_sys.v Line: 32
    Warning (13410): Pin "VGA_B[0]" is stuck at GND File: C:/Users/yxw/Desktop/cpu_v3/cpt_sys.v Line: 33
    Warning (13410): Pin "VGA_B[1]" is stuck at GND File: C:/Users/yxw/Desktop/cpu_v3/cpt_sys.v Line: 33
    Warning (13410): Pin "VGA_B[2]" is stuck at GND File: C:/Users/yxw/Desktop/cpu_v3/cpt_sys.v Line: 33
    Warning (13410): Pin "VGA_B[3]" is stuck at GND File: C:/Users/yxw/Desktop/cpu_v3/cpt_sys.v Line: 33
    Warning (13410): Pin "VGA_B[4]" is stuck at GND File: C:/Users/yxw/Desktop/cpu_v3/cpt_sys.v Line: 33
    Warning (13410): Pin "VGA_B[5]" is stuck at GND File: C:/Users/yxw/Desktop/cpu_v3/cpt_sys.v Line: 33
    Warning (13410): Pin "VGA_B[6]" is stuck at GND File: C:/Users/yxw/Desktop/cpu_v3/cpt_sys.v Line: 33
    Warning (13410): Pin "VGA_B[7]" is stuck at GND File: C:/Users/yxw/Desktop/cpu_v3/cpt_sys.v Line: 33
    Warning (13410): Pin "VGA_CLK" is stuck at GND File: C:/Users/yxw/Desktop/cpu_v3/cpt_sys.v Line: 34
    Warning (13410): Pin "VGA_G[0]" is stuck at GND File: C:/Users/yxw/Desktop/cpu_v3/cpt_sys.v Line: 35
    Warning (13410): Pin "VGA_G[1]" is stuck at GND File: C:/Users/yxw/Desktop/cpu_v3/cpt_sys.v Line: 35
    Warning (13410): Pin "VGA_G[2]" is stuck at GND File: C:/Users/yxw/Desktop/cpu_v3/cpt_sys.v Line: 35
    Warning (13410): Pin "VGA_G[3]" is stuck at GND File: C:/Users/yxw/Desktop/cpu_v3/cpt_sys.v Line: 35
    Warning (13410): Pin "VGA_G[4]" is stuck at GND File: C:/Users/yxw/Desktop/cpu_v3/cpt_sys.v Line: 35
    Warning (13410): Pin "VGA_G[5]" is stuck at GND File: C:/Users/yxw/Desktop/cpu_v3/cpt_sys.v Line: 35
    Warning (13410): Pin "VGA_G[6]" is stuck at GND File: C:/Users/yxw/Desktop/cpu_v3/cpt_sys.v Line: 35
    Warning (13410): Pin "VGA_G[7]" is stuck at GND File: C:/Users/yxw/Desktop/cpu_v3/cpt_sys.v Line: 35
    Warning (13410): Pin "VGA_HS" is stuck at GND File: C:/Users/yxw/Desktop/cpu_v3/cpt_sys.v Line: 36
    Warning (13410): Pin "VGA_R[0]" is stuck at GND File: C:/Users/yxw/Desktop/cpu_v3/cpt_sys.v Line: 37
    Warning (13410): Pin "VGA_R[1]" is stuck at GND File: C:/Users/yxw/Desktop/cpu_v3/cpt_sys.v Line: 37
    Warning (13410): Pin "VGA_R[2]" is stuck at GND File: C:/Users/yxw/Desktop/cpu_v3/cpt_sys.v Line: 37
    Warning (13410): Pin "VGA_R[3]" is stuck at GND File: C:/Users/yxw/Desktop/cpu_v3/cpt_sys.v Line: 37
    Warning (13410): Pin "VGA_R[4]" is stuck at GND File: C:/Users/yxw/Desktop/cpu_v3/cpt_sys.v Line: 37
    Warning (13410): Pin "VGA_R[5]" is stuck at GND File: C:/Users/yxw/Desktop/cpu_v3/cpt_sys.v Line: 37
    Warning (13410): Pin "VGA_R[6]" is stuck at GND File: C:/Users/yxw/Desktop/cpu_v3/cpt_sys.v Line: 37
    Warning (13410): Pin "VGA_R[7]" is stuck at GND File: C:/Users/yxw/Desktop/cpu_v3/cpt_sys.v Line: 37
    Warning (13410): Pin "VGA_SYNC_N" is stuck at GND File: C:/Users/yxw/Desktop/cpu_v3/cpt_sys.v Line: 38
    Warning (13410): Pin "VGA_VS" is stuck at GND File: C:/Users/yxw/Desktop/cpu_v3/cpt_sys.v Line: 39
Info (286030): Timing-Driven Synthesis is running
Info (144001): Generated suppressed messages file C:/Users/yxw/Desktop/cpu_v3/cpt_sys.map.smsg
Info (16010): Generating hard_block partition "hard_block:auto_generated_inst"
    Info (16011): Adding 0 node(s), including 0 DDIO, 0 PLL, 0 transceiver and 0 LCELL
Warning (21074): Design contains 12 input pin(s) that do not drive logic
    Warning (15610): No output dependent on input pin "CLOCK2_50" File: C:/Users/yxw/Desktop/cpu_v3/cpt_sys.v Line: 9
    Warning (15610): No output dependent on input pin "CLOCK3_50" File: C:/Users/yxw/Desktop/cpu_v3/cpt_sys.v Line: 10
    Warning (15610): No output dependent on input pin "CLOCK4_50" File: C:/Users/yxw/Desktop/cpu_v3/cpt_sys.v Line: 11
    Warning (15610): No output dependent on input pin "CLOCK_50" File: C:/Users/yxw/Desktop/cpu_v3/cpt_sys.v Line: 12
    Warning (15610): No output dependent on input pin "KEY[1]" File: C:/Users/yxw/Desktop/cpu_v3/cpt_sys.v Line: 15
    Warning (15610): No output dependent on input pin "KEY[2]" File: C:/Users/yxw/Desktop/cpu_v3/cpt_sys.v Line: 15
    Warning (15610): No output dependent on input pin "KEY[3]" File: C:/Users/yxw/Desktop/cpu_v3/cpt_sys.v Line: 15
    Warning (15610): No output dependent on input pin "SW[5]" File: C:/Users/yxw/Desktop/cpu_v3/cpt_sys.v Line: 18
    Warning (15610): No output dependent on input pin "SW[6]" File: C:/Users/yxw/Desktop/cpu_v3/cpt_sys.v Line: 18
    Warning (15610): No output dependent on input pin "SW[7]" File: C:/Users/yxw/Desktop/cpu_v3/cpt_sys.v Line: 18
    Warning (15610): No output dependent on input pin "SW[8]" File: C:/Users/yxw/Desktop/cpu_v3/cpt_sys.v Line: 18
    Warning (15610): No output dependent on input pin "SW[9]" File: C:/Users/yxw/Desktop/cpu_v3/cpt_sys.v Line: 18
Info (21057): Implemented 2010 device resources after synthesis - the final resource count might be different
    Info (21058): Implemented 18 input pins
    Info (21059): Implemented 81 output pins
    Info (21060): Implemented 4 bidirectional pins
    Info (21061): Implemented 1811 logic cells
    Info (21064): Implemented 96 RAM segments
Info: Quartus Prime Analysis & Synthesis was successful. 0 errors, 88 warnings
    Info: Peak virtual memory: 4871 megabytes
    Info: Processing ended: Fri Nov 27 07:01:06 2020
    Info: Elapsed time: 00:00:13
    Info: Total CPU time (on all processors): 00:00:23


+------------------------------------------+
; Analysis & Synthesis Suppressed Messages ;
+------------------------------------------+
The suppressed messages can be found in C:/Users/yxw/Desktop/cpu_v3/cpt_sys.map.smsg.


